<?xml version="1.0" encoding="UTF-8"?>
<testng-results skipped="0" failed="0" ignored="0" total="1" passed="1">
  <reporter-output>
  </reporter-output>
  <suite name="All Test Suite" duration-ms="12639" started-at="2021-05-07T23:50:52Z" finished-at="2021-05-07T23:51:05Z">
    <groups>
      <group name="cucumber">
        <method signature="AbstractTestNGCucumberTests.feature(cucumber.api.testng.CucumberFeatureWrapper)[pri:0, instance:runner.RunTest@5f2050f6]" name="feature" class="cucumber.api.testng.AbstractTestNGCucumberTests"/>
      </group> <!-- cucumber -->
    </groups>
    <test name="Window" duration-ms="12639" started-at="2021-05-07T23:50:52Z" finished-at="2021-05-07T23:51:05Z">
      <class name="runner.RunTest">
        <test-method status="PASS" signature="setUpClass()[pri:0, instance:runner.RunTest@5f2050f6]" name="setUpClass" is-config="true" duration-ms="267" started-at="2021-05-07T18:50:52Z" finished-at="2021-05-07T18:50:52Z">
          <reporter-output>
          </reporter-output>
        </test-method> <!-- setUpClass -->
        <test-method status="PASS" signature="feature(cucumber.api.testng.CucumberFeatureWrapper)[pri:0, instance:runner.RunTest@5f2050f6]" name="feature" duration-ms="12226" started-at="2021-05-07T18:50:53Z" description="Runs Cucumber Feature" data-provider="features" finished-at="2021-05-07T18:51:05Z">
          <params>
            <param index="0">
              <value>
                <![CDATA[Creacion de documento]]>
              </value>
            </param>
          </params>
          <reporter-output>
          </reporter-output>
        </test-method> <!-- feature -->
        <test-method status="PASS" signature="tearDownClass()[pri:0, instance:runner.RunTest@5f2050f6]" name="tearDownClass" is-config="true" duration-ms="27" started-at="2021-05-07T18:51:05Z" finished-at="2021-05-07T18:51:05Z">
          <reporter-output>
          </reporter-output>
        </test-method> <!-- tearDownClass -->
      </class> <!-- runner.RunTest -->
    </test> <!-- Window -->
  </suite> <!-- All Test Suite -->
</testng-results>
